#
# There is insufficient memory for the Java Runtime Environment to continue.
# Native memory allocation (mmap) failed to map 268435456 bytes for G1 virtual space
# Possible reasons:
#   The system is out of physical RAM or swap space
#   The process is running with CompressedOops enabled, and the Java Heap may be blocking the growth of the native heap
# Possible solutions:
#   Reduce memory load on the system
#   Increase physical memory or swap space
#   Check if swap backing store is full
#   Decrease Java heap size (-Xmx/-Xms)
#   Decrease number of Java threads
#   Decrease Java thread stack sizes (-Xss)
#   Set larger code cache with -XX:ReservedCodeCacheSize=
#   JVM is running with Zero Based Compressed Oops mode in which the Java heap is
#     placed in the first 32GB address space. The Java Heap base address is the
#     maximum limit for the native heap growth. Please use -XX:HeapBaseMinAddress
#     to set the Java Heap base and to place the Java Heap above 32GB virtual address.
# This output file may be truncated or incomplete.
#
#  Out of Memory Error (os_windows.cpp:3466), pid=9152, tid=12736
#
# JRE version:  (16.0.2+7) (build )
# Java VM: Java HotSpot(TM) 64-Bit Server VM (16.0.2+7-67, mixed mode, sharing, tiered, compressed oops, compressed class ptrs, g1 gc, windows-amd64)
# No core dump will be written. Minidumps are not enabled by default on client versions of Windows
#

---------------  S U M M A R Y ------------

Command Line: -Dfile.encoding=Cp1252 -XX:+ShowCodeDetailsInExceptionMessages App

Host: AMD Ryzen 5 3600 6-Core Processor              , 12 cores, 15G,  Windows 10 , 64 bit Build 19041 (10.0.19041.1348)
Time: Sun Nov 21 19:52:02 2021 Hora oficial do Brasil elapsed time: 0.010908 seconds (0d 0h 0m 0s)

---------------  T H R E A D  ---------------

Current thread (0x000001f3224b6fa0):  JavaThread "Unknown thread" [_thread_in_vm, id=12736, stack(0x0000008802100000,0x0000008802200000)]

Stack: [0x0000008802100000,0x0000008802200000]
Native frames: (J=compiled Java code, j=interpreted, Vv=VM code, C=native code)
V  [jvm.dll+0x6681ca]
V  [jvm.dll+0x7c9e69]
V  [jvm.dll+0x7cb61e]
V  [jvm.dll+0x7cbc73]
V  [jvm.dll+0x242c55]
V  [jvm.dll+0x664f89]
V  [jvm.dll+0x659b75]
V  [jvm.dll+0x2fbfbb]
V  [jvm.dll+0x3031b6]
V  [jvm.dll+0x35299e]
V  [jvm.dll+0x352bcf]
V  [jvm.dll+0x2d3028]
V  [jvm.dll+0x2d4264]
V  [jvm.dll+0x79c741]
V  [jvm.dll+0x360791]
V  [jvm.dll+0x77a3f0]
V  [jvm.dll+0x3e4e8f]
V  [jvm.dll+0x3e6961]
C  [jli.dll+0x52fb]
C  [ucrtbase.dll+0x21bb2]
C  [KERNEL32.DLL+0x17034]
C  [ntdll.dll+0x52651]


---------------  P R O C E S S  ---------------

Threads class SMR info:
_java_thread_list=0x00007ffce763cbb8, length=0, elements={
}

Java Threads: ( => current thread )

Other Threads:
  0x000001f322508680 GCTaskThread "GC Thread#0" [stack: 0x0000008802200000,0x0000008802300000] [id=2120]
  0x000001f322519ea0 ConcurrentGCThread "G1 Main Marker" [stack: 0x0000008802300000,0x0000008802400000] [id=17184]
  0x000001f32251bd20 ConcurrentGCThread "G1 Conc#0" [stack: 0x0000008802400000,0x0000008802500000] [id=17556]

[error occurred during error reporting (printing all threads), id 0xc0000005, EXCEPTION_ACCESS_VIOLATION (0xc0000005) at pc=0x00007ffce6e13ee7]

VM state: not at safepoint (not fully initialized)

VM Mutex/Monitor currently owned by a thread:  ([mutex/lock_event])
[0x000001f3224b2df0] Heap_lock - owner thread: 0x000001f3224b6fa0

Heap address: 0x0000000700c00000, size: 4084 MB, Compressed Oops mode: Zero based, Oop shift amount: 3

CDS archive(s) mapped at: [0x0000000000000000-0x0000000000000000-0x0000000000000000), size 0, SharedBaseAddress: 0x0000000800000000, ArchiveRelocationMode: 0.
Narrow klass base: 0x0000000000000000, Narrow klass shift: 0, Narrow klass range: 0x0

GC Precious Log:
<Empty>

Heap:
 garbage-first heap   total 0K, used 0K [0x0000000700c00000, 0x0000000800000000)
  region size 2048K, 0 young (0K), 0 survivors (0K)

[error occurred during error reporting (printing heap information), id 0xc0000005, EXCEPTION_ACCESS_VIOLATION (0xc0000005) at pc=0x00007ffce71f1eed]

GC Heap History (0 events):
No events

Deoptimization events (0 events):
No events

Classes unloaded (0 events):
No events

Classes redefined (0 events):
No events

Internal exceptions (0 events):
No events

Events (1 events):
Event: 0.005 Loaded shared library C:\Program Files\Java\jdk-16.0.2\bin\java.dll


Dynamic libraries:
0x00007ff68d0f0000 - 0x00007ff68d100000 	C:\Program Files\Java\jdk-16.0.2\bin\javaw.exe
0x00007ffd35030000 - 0x00007ffd35225000 	C:\WINDOWS\SYSTEM32\ntdll.dll
0x00007ffd33c30000 - 0x00007ffd33cee000 	C:\WINDOWS\System32\KERNEL32.DLL
0x00007ffd32d00000 - 0x00007ffd32fc8000 	C:\WINDOWS\System32\KERNELBASE.dll
0x00007ffd32750000 - 0x00007ffd32850000 	C:\WINDOWS\System32\ucrtbase.dll
0x00007ffd2c8d0000 - 0x00007ffd2c8e9000 	C:\Program Files\Java\jdk-16.0.2\bin\VCRUNTIME140.dll
0x00007ffd2a260000 - 0x00007ffd2a278000 	C:\Program Files\Java\jdk-16.0.2\bin\jli.dll
0x00007ffd33660000 - 0x00007ffd3370c000 	C:\WINDOWS\System32\ADVAPI32.dll
0x00007ffd33710000 - 0x00007ffd337ae000 	C:\WINDOWS\System32\msvcrt.dll
0x00007ffd33910000 - 0x00007ffd339ab000 	C:\WINDOWS\System32\sechost.dll
0x00007ffd34cc0000 - 0x00007ffd34dea000 	C:\WINDOWS\System32\RPCRT4.dll
0x00007ffd34900000 - 0x00007ffd34aa1000 	C:\WINDOWS\System32\USER32.dll
0x00007ffd328a0000 - 0x00007ffd328c2000 	C:\WINDOWS\System32\win32u.dll
0x00007ffd1b960000 - 0x00007ffd1bbfa000 	C:\WINDOWS\WinSxS\amd64_microsoft.windows.common-controls_6595b64144ccf1df_6.0.19041.1110_none_60b5254171f9507e\COMCTL32.dll
0x00007ffd34860000 - 0x00007ffd3488b000 	C:\WINDOWS\System32\GDI32.dll
0x00007ffd328d0000 - 0x00007ffd329db000 	C:\WINDOWS\System32\gdi32full.dll
0x00007ffd32c60000 - 0x00007ffd32cfd000 	C:\WINDOWS\System32\msvcp_win.dll
0x00007ffd2cf60000 - 0x00007ffd2cf6a000 	C:\WINDOWS\SYSTEM32\VERSION.dll
0x00007ffd331b0000 - 0x00007ffd331e0000 	C:\WINDOWS\System32\IMM32.DLL
0x00007ffd2ddd0000 - 0x00007ffd2dddc000 	C:\Program Files\Java\jdk-16.0.2\bin\vcruntime140_1.dll
0x00007ffcfed90000 - 0x00007ffcfee21000 	C:\Program Files\Java\jdk-16.0.2\bin\msvcp140.dll
0x00007ffce6b30000 - 0x00007ffce76db000 	C:\Program Files\Java\jdk-16.0.2\bin\server\jvm.dll
0x00007ffd331a0000 - 0x00007ffd331a8000 	C:\WINDOWS\System32\PSAPI.DLL
0x00007ffd2dd80000 - 0x00007ffd2dd89000 	C:\WINDOWS\SYSTEM32\WSOCK32.dll
0x00007ffd26f10000 - 0x00007ffd26f37000 	C:\WINDOWS\SYSTEM32\WINMM.dll
0x00007ffd347f0000 - 0x00007ffd3485b000 	C:\WINDOWS\System32\WS2_32.dll
0x00007ffd30670000 - 0x00007ffd30682000 	C:\WINDOWS\SYSTEM32\kernel.appcore.dll
0x00007ffd2d480000 - 0x00007ffd2d48a000 	C:\Program Files\Java\jdk-16.0.2\bin\jimage.dll
0x00007ffd238a0000 - 0x00007ffd23a84000 	C:\WINDOWS\SYSTEM32\DBGHELP.DLL
0x00007ffd1ec30000 - 0x00007ffd1ec5c000 	C:\WINDOWS\SYSTEM32\dbgcore.DLL
0x00007ffd32bd0000 - 0x00007ffd32c53000 	C:\WINDOWS\System32\bcryptPrimitives.dll
0x00007ffd053d0000 - 0x00007ffd053f5000 	C:\Program Files\Java\jdk-16.0.2\bin\java.dll

dbghelp: loaded successfully - version: 4.0.5 - missing functions: none
symbol engine: initialized successfully - sym options: 0x614 - pdb path: .;C:\Program Files\Java\jdk-16.0.2\bin;C:\WINDOWS\SYSTEM32;C:\WINDOWS\WinSxS\amd64_microsoft.windows.common-controls_6595b64144ccf1df_6.0.19041.1110_none_60b5254171f9507e;C:\Program Files\Java\jdk-16.0.2\bin\server

VM Arguments:
jvm_args: -Dfile.encoding=Cp1252 -XX:+ShowCodeDetailsInExceptionMessages 
java_command: App
java_class_path (initial): D:\JAVA PROJECT\GUI\FATEC\bin
Launcher Type: SUN_STANDARD

[Global flags]
     intx CICompilerCount                          = 4                                         {product} {ergonomic}
     uint ConcGCThreads                            = 3                                         {product} {ergonomic}
     uint G1ConcRefinementThreads                  = 10                                        {product} {ergonomic}
   size_t G1HeapRegionSize                         = 2097152                                   {product} {ergonomic}
    uintx GCDrainStackTargetSize                   = 64                                        {product} {ergonomic}
   size_t InitialHeapSize                          = 268435456                                 {product} {ergonomic}
   size_t MarkStackSize                            = 4194304                                   {product} {ergonomic}
   size_t MaxHeapSize                              = 4282384384                                {product} {ergonomic}
   size_t MinHeapDeltaBytes                        = 2097152                                   {product} {ergonomic}
   size_t MinHeapSize                              = 8388608                                   {product} {ergonomic}
    uintx NonNMethodCodeHeapSize                   = 5839372                                {pd product} {ergonomic}
    uintx NonProfiledCodeHeapSize                  = 122909434                              {pd product} {ergonomic}
    uintx ProfiledCodeHeapSize                     = 122909434                              {pd product} {ergonomic}
    uintx ReservedCodeCacheSize                    = 251658240                              {pd product} {ergonomic}
     bool SegmentedCodeCache                       = true                                      {product} {ergonomic}
     bool ShowCodeDetailsInExceptionMessages       = true                                   {manageable} {command line}
   size_t SoftMaxHeapSize                          = 4282384384                             {manageable} {ergonomic}
     bool UseCompressedClassPointers               = true                           {product lp64_product} {ergonomic}
     bool UseCompressedOops                        = true                           {product lp64_product} {ergonomic}
     bool UseG1GC                                  = true                                      {product} {ergonomic}
     bool UseLargePagesIndividualAllocation        = false                                  {pd product} {ergonomic}

Logging:
Log output configuration:
 #0: stdout all=warning uptime,level,tags
 #1: stderr all=off uptime,level,tags

Environment Variables:
JAVA_HOME=C:\Program Files (x86)\Java\jre1.8.0_73
CLASSPATH=.;C:\Program Files (x86)\Java\jre1.8.0_73
PATH=C:\Program Files\Python39\Scripts\;C:\Program Files\Python39\;C:\Program Files\Common Files\Oracle\Java\javapath;C:\Program Files (x86)\Common Files\Oracle\Java\javapath;C:\Program Files (x86)\Java\jre1.8.0_301\bin;D:\PHP;C:\ProgramData\ComposerSetup\bin;D:\Node\;C:\ProgramData\chocolatey\bin;C:\Program Files (x86)\NVIDIA Corporation\PhysX\Common;D:\Program Files (x86)\Git\cmd;D:\PHP;C:\Users\Moon\AppData\Roaming\Composer\vendor\bin;C:\Users\Moon\AppData\Roaming\npm;D:\Program Files (x86)\Microsoft VS Code\bin;C:\Users\Moon\AppData\Local\Programs\mongosh\
USERNAME=Moon
OS=Windows_NT
PROCESSOR_IDENTIFIER=AMD64 Family 23 Model 113 Stepping 0, AuthenticAMD



---------------  S Y S T E M  ---------------

OS:
 Windows 10 , 64 bit Build 19041 (10.0.19041.1348)
OS uptime: 1 days 1:07 hours

CPU: total 12 (initial active 12) (12 cores per cpu, 2 threads per core) family 23 model 113 stepping 0 microcode 0x0, cx8, cmov, fxsr, ht, mmx, 3dnowpref, sse, sse2, sse3, ssse3, sse4a, sse4.1, sse4.2, popcnt, lzcnt, tsc, tscinvbit, avx, avx2, aes, clmul, bmi1, bmi2, adx, sha, fma, vzeroupper, clflush, clflushopt

Memory: 4k page, system-wide physical 16334M (7580M free)
TotalPageFile size 30539M (AvailPageFile size 123M)
current process WorkingSet (physical memory assigned to process): 10M, peak: 10M
current process commit charge ("private bytes"): 64M, peak: 320M

vm_info: Java HotSpot(TM) 64-Bit Server VM (16.0.2+7-67) for windows-amd64 JRE (16.0.2+7-67), built on Jun  8 2021 23:24:19 by "mach5one" with MS VC++ 16.7 (VS2019)

END.
